<?xml version="1.0" encoding="UTF-8"?>
<!-- Generated by org.testng.reporters.JUnitXMLReporter -->
<testsuite ignored="0" hostname="LAPTOP-ICP884RE" failures="1" tests="1" name="AddtoCart" time="70.845" errors="0" timestamp="2023-02-17T00:38:24 IST">
  <testcase classname="Assgmnt.FrmwrkMag.Tests.AddtoCart" name="addToCart" time="62.596">
    <failure type="java.lang.AssertionError" message="The following asserts failed:
	expected [$220.00] but found [$185.80]">
      <![CDATA[java.lang.AssertionError: The following asserts failed:
expected [$220.00] but found [$185.80]
at Assgmnt.FrmwrkMag.TestComponents.BaseTest.assertMessages(BaseTest.java:73)
at Assgmnt.FrmwrkMag.Tests.AddtoCart.addToCart(AddtoCart.java:48)
at java.base/java.util.ArrayList.forEach(ArrayList.java:1511)
... Removed 29 stack frames]]>
    </failure>
  </testcase> <!-- addToCart -->
</testsuite> <!-- AddtoCart -->
